<?xml version="1.0" encoding="UTF-8"?>
<testng-results ignored="0" total="4" passed="4" failed="0" skipped="0">
  <reporter-output>
  </reporter-output>
  <suite started-at="2025-07-14T15:05:48 CLT" name="TaskManagerSuite" finished-at="2025-07-14T15:05:48 CLT" duration-ms="59">
    <groups>
    </groups>
    <test started-at="2025-07-14T15:05:48 CLT" name="GestorTareasTest" finished-at="2025-07-14T15:05:48 CLT" duration-ms="59">
      <class name="com.taskmanager.service.GestorTareasTest">
        <test-method is-config="true" signature="setUp(java.lang.String,java.lang.String)[pri:0, instance:com.taskmanager.service.GestorTareasTest@2928854b]" started-at="2025-07-14T15:05:48 CLT" name="setUp" finished-at="2025-07-14T15:05:48 CLT" duration-ms="18" status="PASS">
          <params>
            <param index="0">
              <value>
                <![CDATA[Tarea 1]]>
              </value>
            </param>
            <param index="1">
              <value>
                <![CDATA[Estudiar TestNG]]>
              </value>
            </param>
          </params>
          <reporter-output>
          </reporter-output>
        </test-method> <!-- setUp -->
        <test-method signature="testAgregarTarea(java.lang.String,java.lang.String)[pri:1, instance:com.taskmanager.service.GestorTareasTest@2928854b]" started-at="2025-07-14T15:05:48 CLT" name="testAgregarTarea" finished-at="2025-07-14T15:05:48 CLT" duration-ms="4" status="PASS">
          <params>
            <param index="0">
              <value>
                <![CDATA[Tarea 1]]>
              </value>
            </param>
            <param index="1">
              <value>
                <![CDATA[Estudiar TestNG]]>
              </value>
            </param>
          </params>
          <reporter-output>
          </reporter-output>
        </test-method> <!-- testAgregarTarea -->
        <test-method signature="testCompletarTareaExistente()[pri:2, instance:com.taskmanager.service.GestorTareasTest@2928854b]" started-at="2025-07-14T15:05:48 CLT" name="testCompletarTareaExistente" finished-at="2025-07-14T15:05:48 CLT" duration-ms="1" status="PASS">
          <reporter-output>
          </reporter-output>
        </test-method> <!-- testCompletarTareaExistente -->
        <test-method signature="testFiltrarPorCompletadas()[pri:3, instance:com.taskmanager.service.GestorTareasTest@2928854b]" started-at="2025-07-14T15:05:48 CLT" name="testFiltrarPorCompletadas" finished-at="2025-07-14T15:05:48 CLT" duration-ms="1" status="PASS">
          <reporter-output>
          </reporter-output>
        </test-method> <!-- testFiltrarPorCompletadas -->
        <test-method signature="testFiltrarPorPendientes()[pri:4, instance:com.taskmanager.service.GestorTareasTest@2928854b]" started-at="2025-07-14T15:05:48 CLT" name="testFiltrarPorPendientes" finished-at="2025-07-14T15:05:48 CLT" duration-ms="0" status="PASS">
          <reporter-output>
          </reporter-output>
        </test-method> <!-- testFiltrarPorPendientes -->
        <test-method is-config="true" signature="tearDown()[pri:0, instance:com.taskmanager.service.GestorTareasTest@2928854b]" started-at="2025-07-14T15:05:48 CLT" name="tearDown" finished-at="2025-07-14T15:05:48 CLT" duration-ms="1" status="PASS">
          <reporter-output>
          </reporter-output>
        </test-method> <!-- tearDown -->
      </class> <!-- com.taskmanager.service.GestorTareasTest -->
    </test> <!-- GestorTareasTest -->
  </suite> <!-- TaskManagerSuite -->
</testng-results>
